<?xml version="1.0" encoding="UTF-8"?>
<!-- Generated by org.testng.reporters.JUnitReportReporter -->
<testsuite skipped="0" hostname="LSIPL07" name="com.spade.tescases.login" tests="1" failures="0" timestamp="16 Jul 2019 06:43:51 GMT" time="0.014" errors="0">
  <testcase name="logintest" time="0.014" classname="com.spade.tescases.login"/>
</testsuite> <!-- com.spade.tescases.login -->
