<?xml version="1.0" encoding="UTF-8"?>
<!-- Generated by org.testng.reporters.JUnitReportReporter -->
<testsuite skipped="0" hostname="LSIPL07" name="com.spade.tescases.LoginTest" tests="3" failures="0" timestamp="17 Jul 2019 07:12:39 GMT" time="3.671" errors="0">
  <testcase name="loginintotheApplication" time="0.603" classname="com.spade.tescases.LoginTest"/>
  <testcase name="verify_homepagetitle" time="0.036" classname="com.spade.tescases.LoginTest"/>
  <testcase name="verify_Homepageurl" time="3.032" classname="com.spade.tescases.LoginTest"/>
</testsuite> <!-- com.spade.tescases.LoginTest -->
