<?xml version="1.0" encoding="UTF-8"?>
<!-- Generated by org.testng.reporters.JUnitReportReporter -->
<testsuite skipped="0" hostname="LSIPL07" name="com.spade.tescases.LoginTest" tests="3" failures="0" timestamp="16 Jul 2019 07:34:02 GMT" time="2.501" errors="0">
  <testcase name="verify_homepagetitle" time="0.002" classname="com.spade.tescases.LoginTest"/>
  <testcase name="loginintotheApplication" time="2.497" classname="com.spade.tescases.LoginTest"/>
  <testcase name="verify_Homepageurl" time="0.002" classname="com.spade.tescases.LoginTest"/>
</testsuite> <!-- com.spade.tescases.LoginTest -->
