<?xml version="1.0" encoding="UTF-8"?>
<!-- Generated by org.testng.reporters.JUnitReportReporter -->
<testsuite skipped="0" hostname="LSIPL07" name="com.spade.tescases.LoginTest" tests="4" failures="0" timestamp="29 Jul 2019 12:14:42 GMT" time="30.047" errors="0">
  <testcase name="loginintotheApplication" time="0.585" classname="com.spade.tescases.LoginTest"/>
  <testcase name="verify_homepagetitle" time="0.019" classname="com.spade.tescases.LoginTest"/>
  <testcase name="verify_Homepageurl" time="2.025" classname="com.spade.tescases.LoginTest"/>
  <testcase name="verify_registration" time="27.418" classname="com.spade.tescases.LoginTest"/>
</testsuite> <!-- com.spade.tescases.LoginTest -->
