<?xml version="1.0" encoding="UTF-8"?>
<!-- Generated by org.testng.reporters.JUnitReportReporter -->
<testsuite skipped="0" hostname="LSIPL07" name="com.spade.tescases.LoginTest" tests="4" failures="0" timestamp="30 Jul 2019 10:15:09 GMT" time="34.117" errors="0">
  <testcase name="loginintotheApplication" time="10.025" classname="com.spade.tescases.LoginTest"/>
  <testcase name="verify_homepagetitle" time="0.031" classname="com.spade.tescases.LoginTest"/>
  <testcase name="verify_Homepageurl" time="2.038" classname="com.spade.tescases.LoginTest"/>
  <testcase name="verify_registration" time="22.023" classname="com.spade.tescases.LoginTest"/>
</testsuite> <!-- com.spade.tescases.LoginTest -->
