<?xml version="1.0" encoding="UTF-8"?>
<!-- Generated by org.testng.reporters.JUnitReportReporter -->
<testsuite skipped="4" hostname="LSIPL07" name="com.spade.tescases.LoginTest" tests="5" failures="0" timestamp="08 Aug 2019 09:35:50 GMT" time="12.838" errors="0">
  <testcase name="Readandwritefile" time="12.838" classname="com.spade.tescases.LoginTest"/>
  <testcase name="verify_Homepageurl" classname="com.spade.tescases.LoginTest">
    <skipped/>
  </testcase> <!-- verify_Homepageurl -->
  <testcase name="loginintotheApplication" classname="com.spade.tescases.LoginTest">
    <skipped/>
  </testcase> <!-- loginintotheApplication -->
  <testcase name="TC_verify_registration" classname="com.spade.tescases.LoginTest">
    <skipped/>
  </testcase> <!-- TC_verify_registration -->
  <testcase name="verify_homepagetitle" classname="com.spade.tescases.LoginTest">
    <skipped/>
  </testcase> <!-- verify_homepagetitle -->
</testsuite> <!-- com.spade.tescases.LoginTest -->
